     1                                  [org 100h]
     2 00000000 EB3B                    jmp start
     3                                  
     4                                  setup:
     5 00000002 BB9E00                  mov bx,158              ;1st line's last index
     6 00000005 B91800                  mov cx,24               ;Total rows
     7 00000008 C3                      ret
     8                                  
     9                                  rightAllignment:
    10 00000009 60                      pusha  ;pushed all general registers
    11 0000000A B800B8                  mov ax,0xb800
    12 0000000D 8ED8                    mov ds,ax
    13 0000000F 8EC0                    mov es,ax
    14                                  ;bx ->158
    15 00000011 31C9                    xor cx,cx 
    16 00000013 FD                      std ;reverse
    17 00000014 89DF                    mov di,bx
    18 00000016 B82007                  mov ax,0x0720
    19 00000019 BA5000                  mov dx,80 ;total columns in one rows
    20                                  spacing:
    21 0000001C AF                      scasw   ;cmp [es:di],ax
    22 0000001D 7508                    jnz Character_has_found
    23 0000001F 83C101                  add cx,1
    24 00000022 4A                      dec dx
    25 00000023 75F7                    jnz spacing
    26 00000025 EB14                    jmp notFound
    27                                  
    28                                  
    29                                  Character_has_found:
    30 00000027 83C702                  add di,2  ;now reached 1st space
    31 0000002A 89FE                    mov si,di
    32 0000002C 89DF                    mov di,bx
    33 0000002E 89CA                    mov dx,cx ;spaces
    34 00000030 B95000                  mov cx,80
    35 00000033 29D1                    sub cx,dx ;non char
    36                                  
    37 00000035 F3A5                    rep movsw
    38                                  
    39 00000037 89D1                    mov cx,dx
    40 00000039 F3AB                    rep stosw 
    41                                  
    42                                  notFound:
    43 0000003B 61                      popa
    44 0000003C C3                      ret
    45                                  
    46                                  start:
    47 0000003D E8C2FF                  call setup
    48                                  
    49                                  till_total_rows:
    50 00000040 E8C6FF                  call rightAllignment
    51 00000043 81C3A000                add bx,160
    52 00000047 E2F7                    loop till_total_rows
    53                                  
    54                                  ;end
    55 00000049 B84C00                  mov ax,4ch
    56 0000004C CD21                    int 21h
