     1                                  [org 100h]
     2                                  
     3 00000000 BE0000                  mov si,0
     4                                  
     5                                  loadingNum:
     6 00000003 3B36[6400]              cmp si,[size]
     7 00000007 7451                    je termination
     8                                  
     9 00000009 8A84[5F00]              mov al,[nums+si]
    10                                  
    11                                  shifting:
    12 0000000D 3B36[6400]              cmp si,[size]
    13 00000011 7447                    je termination
    14                                  
    15 00000013 803E[6600]08            cmp byte [i],8
    16 00000018 7414                    je checkingParity
    17                                  
    18 0000001A D0E8                    shr al,1
    19 0000001C 7206                    jc carryFound
    20                                  
    21 0000001E FE06[6600]              inc byte [i]
    22 00000022 EBE9                    jmp shifting
    23                                  
    24                                  carryFound:
    25 00000024 FE06[6500]              inc byte [countForOddEven]
    26 00000028 FE06[6600]              inc byte [i]
    27 0000002C EBDF                    jmp shifting
    28                                  
    29                                  checkingParity:
    30 0000002E A0[6500]                mov al,[countForOddEven]
    31 00000031 D0E8                    shr al,1
    32 00000033 7210                    jc oddParity
    33 00000035 46                      inc si
    34 00000036 C606[6600]00            mov byte [i],0
    35 0000003B C606[6500]00            mov byte [countForOddEven],0
    36 00000040 B80000                  mov ax,0
    37 00000043 EBBE                    jmp loadingNum
    38                                  
    39                                  oddParity:
    40 00000045 C684[5F00]00            mov byte [nums + si],0
    41 0000004A 46                      inc si
    42 0000004B C606[6600]00            mov byte [i],0
    43 00000050 C606[6500]00            mov byte [countForOddEven],0
    44 00000055 B80000                  mov ax,0
    45 00000058 EBA9                    jmp loadingNum
    46                                  
    47                                  
    48                                  termination:
    49 0000005A B84C00                  mov ax,4ch
    50 0000005D CD21                    int 21h
    51                                  
    52 0000005F A7A394FF00              nums:db 0xA7,0xA3,0x94,0xFF,0x00
    53 00000064 05                      size:db 5
    54 00000065 00                      countForOddEven:db 0
    55 00000066 00                      i:db 0
