     1                                  [org 100h]
     2                                  
     3 00000000 B825A4                  mov ax,0xA425
     4                                  
     5                                  FirstTwoBits:
     6 00000003 833E[3D00]07            cmp word [i],7
     7 00000008 7426                    je palindrome
     8                                  
     9 0000000A FF06[3D00]              inc word [i]
    10 0000000E D0E4                    shl ah,1
    11 00000010 7205                    jc carryFlagFTBits
    12                                  
    13 00000012 BA0000                  mov dx,0
    14                                  
    15 00000015 EB05                    jmp ThirdForthBits
    16                                  
    17                                  
    18                                  carryFlagFTBits:
    19 00000017 BA0100                  mov dx,1
    20 0000001A EB00                    jmp ThirdForthBits
    21                                  
    22                                  
    23                                  ThirdForthBits:
    24 0000001C D0E8                    shr al,1
    25 0000001E 7205                    jc carryFlagTFBits
    26 00000020 B90000                  mov cx,0
    27                                  
    28 00000023 EB05                    jmp equality
    29                                  
    30                                  carryFlagTFBits:
    31 00000025 B90100                  mov cx,1
    32 00000028 EB00                    jmp equality
    33                                  
    34                                  equality:
    35 0000002A 39CA                    cmp dx,cx
    36 0000002C 7507                    jne notPalindrome
    37                                  
    38 0000002E EBD3                    jmp FirstTwoBits
    39                                  
    40                                  palindrome:
    41 00000030 BA0100                  mov dx,1
    42 00000033 EB03                    jmp termination
    43                                  
    44                                  notPalindrome:
    45 00000035 BA0000                  mov dx,0
    46                                  
    47                                  termination:
    48 00000038 B84C00                  mov ax,4ch
    49 0000003B CD21                    int 21h
    50                                  
    51 0000003D 0000                    i: dw 0
