     1                                  [org 100h]
     2 00000000 EB06                    jmp start
     3 00000002 5930                    rollNum:dw 0x3059
     4 00000004 0000                    d:dw 0x0
     5 00000006 0000                    r:dw 0x0
     6                                  
     7                                  start:
     8 00000008 A1[0200]                mov ax,[rollNum]
     9 0000000B 83E00F                  and ax,0x000F
    10                                  
    11 0000000E 8B1E[0200]              mov bx,[rollNum]
    12 00000012 81E3F000                and bx,0x00F0
    13 00000016 C1EB04                  shr bx,4
    14                                  
    15 00000019 8B0E[0200]              mov cx,[rollNum]
    16 0000001D 81E1000F                and cx,0x0F00
    17 00000021 C1E908                  shr cx,8
    18                                  
    19 00000024 8B16[0200]              mov dx,[rollNum]
    20 00000028 81E200F0                and dx,0xF000
    21 0000002C C1EA0C                  shr dx,12
    22                                  
    23 0000002F 01D8                    add ax,bx
    24 00000031 01C8                    add ax,cx
    25 00000033 01D0                    add ax,dx
    26                                  
    27 00000035 C1E802                  shr ax,2
    28                                  
    29 00000038 A3[0600]                mov [r],ax
    30 0000003B 83C002                  add ax,2
    31 0000003E A3[0400]                mov [d],ax
    32                                  
    33 00000041 B84C00                  mov ax,4ch
    34 00000044 CD21                    int 21h
