     1                                  [org 0x100]
     2                                  clear:
     3 00000000 B800B8                  mov ax,0xB800
     4 00000003 8EC0                    mov es,ax
     5 00000005 BF0000                  mov di,0
     6                                  next:
     7 00000008 26C7052007              mov word[es:di],0x0720
     8 0000000D 83C702                  add di,2
     9 00000010 81FFA00F                cmp di,4000
    10 00000014 75F2                    jne next
    11                                  
    12                                  
    13 00000016 B800B8                  mov ax,0xB800
    14 00000019 8EC0                    mov es,ax
    15 0000001B FF36[7500]              push word[topl]
    16 0000001F FF36[7700]              push word[topr]
    17 00000023 FF36[7900]              push word[bottoml]
    18 00000027 FF36[7B00]              push word[bottomr]
    19                                  
    20                                  
    21                                  
    22                                  
    23                                  drawrect:
    24 0000002B 55                      push bp
    25 0000002C 89E5                    mov bp,sp
    26 0000002E 8B4608                  mov ax,[bp+8]
    27 00000031 8B5E06                  mov bx,[bp+6]
    28 00000034 8B4E04                  mov cx,[bp+4]
    29 00000037 8B5602                  mov dx,[bp+2]
    30 0000003A 89C7                    mov di,ax
    31                                  l1:
    32 0000003C 26C7052B07              mov word[es:di],0x072B
    33 00000041 83C702                  add di,2
    34 00000044 39DF                    cmp di,bx
    35 00000046 7EF4                    jng l1
    36 00000048 89C7                    mov di,ax
    37 0000004A 89DE                    mov si,bx
    38                                  
    39                                  l2:
    40 0000004C 81C7A000                add di,160
    41 00000050 26C7052B07              mov word[es:di],0x072B
    42 00000055 81C6A000                add si,160
    43 00000059 26C7042B07              mov word[es:si],0x072B
    44 0000005E 39CF                    cmp di,cx
    45 00000060 7CEA                    jnge l2
    46 00000062 89CF                    mov di,cx
    47                                  
    48                                  l3:
    49 00000064 26C7052B07              mov word[es:di],0x072B
    50 00000069 83C702                  add di,2
    51 0000006C 39D7                    cmp di,dx
    52 0000006E 7EF4                    jng l3
    53                                  
    54                                  
    55                                  
    56 00000070 B8004C                  mov ax,0x4c00
    57 00000073 CD21                    int 0x21
    58 00000075 4803                    topl:dw 840
    59 00000077 7003                    topr:dw 880
    60 00000079 6806                    bottoml:dw 1640
    61 0000007B 9006                    bottomr:dw 1680
