     1                                  [org 100h]
     2 00000000 EB34                    jmp start
     3                                  
     4                                  rightAllignment:
     5 00000002 60                      pusha  ;pushed all general registers
     6 00000003 B800B8                  mov ax,0xb800
     7 00000006 8ED8                    mov ds,ax
     8 00000008 8EC0                    mov es,ax
     9                                  ;bx ->158
    10 0000000A 31C9                    xor cx,cx 
    11 0000000C FD                      std ;reverse
    12 0000000D 89DF                    mov di,bx
    13 0000000F B82007                  mov ax,0x0720
    14 00000012 BA5000                  mov dx,80 ;total columns in one rows
    15                                  spacing:
    16 00000015 AF                      scasw   ;cmp [es:di],ax
    17 00000016 7508                    jnz Character_has_found
    18 00000018 83C101                  add cx,1
    19 0000001B 4A                      dec dx
    20 0000001C 75F7                    jnz spacing
    21 0000001E EB14                    jmp notFound
    22                                  
    23                                  
    24                                  Character_has_found:
    25 00000020 83C702                  add di,2  ;now reached 1st space
    26 00000023 89FE                    mov si,di
    27 00000025 89DF                    mov di,bx
    28 00000027 89CA                    mov dx,cx ;spaces
    29 00000029 B95000                  mov cx,80
    30 0000002C 29D1                    sub cx,dx ;non char
    31                                  
    32 0000002E F3A5                    rep movsw
    33                                  
    34 00000030 89D1                    mov cx,dx
    35 00000032 F3AB                    rep stosw 
    36                                  
    37                                  notFound:
    38 00000034 61                      popa
    39 00000035 C3                      ret
    40                                  
    41                                  start:
    42 00000036 BB9E00                  mov bx,158              ;1st line's last index
    43 00000039 B91800                  mov cx,24               ;Total rows
    44                                  
    45                                  till_total_rows:
    46 0000003C E8C3FF                  call rightAllignment
    47 0000003F 81C3A000                add bx,160
    48 00000043 E2F7                    loop till_total_rows
    49                                  
    50                                  end:
    51 00000045 B84C00                  mov ax,4ch
    52 00000048 CD21                    int 21h
