     1                                  [org 100h]
     2 00000000 EB60                    jmp start
     3 00000002 000000000000000000-     num1: dq 0x00, 0x00 , 0x12345678,0x87654321   ;64bits
     3 0000000B 000000000000007856-
     3 00000014 341200000000214365-
     3 0000001D 8700000000         
     4 00000022 000000000000000000-     num2: dq 0x00, 0x00 , 0x12345678,0x87654321   ;64bits
     4 0000002B 000000000000007856-
     4 00000034 341200000000214365-
     4 0000003D 8700000000         
     5 00000042 000000000000000000-     res: dq 0x0,0x0,0x0,0x0          ;128bits
     5 0000004B 000000000000000000-
     5 00000054 000000000000000000-
     5 0000005D 0000000000         
     6                                  
     7                                  start:
     8 00000062 B94000                  mov word cx ,64
     9                                  
    10                                  checkbit:
    11                                  shr [num1+12],1
    11          ******************       error: operation size not specified
    12                                  rcr [num1+8],1
    12          ******************       error: operation size not specified
    13                                  jnc skip
    13          ******************       error: symbol `skip' not defined
    14                                  
    15 00000065 A1[0200]                mov ax,[num1]
    16                                  
    17 00000068 B84C00                  mov ax,4ch
    18 0000006B CD21                    int 21h
