     1                                  [org 100h]
     2                                  
     3 00000000 E99B00                  jmp start
     4                                  
     5                                  ;;;;;;;;;;;;;;;;;;;;;;;;;;;;;setup
     6                                  setup:
     7 00000003 B800B8                  mov ax,0xb800
     8 00000006 8EC0                    mov es,ax
     9 00000008 8ED8                    mov ds,ax
    10 0000000A C3                      ret
    11                                  
    12                                  ;;;;;;;;;;;;;;;;;;;;;;white_screen
    13                                  white_screen:
    14 0000000B B9D007                  mov cx,2000
    15                                  white:
    16 0000000E 3E8B05                  mov ax,[ds:di]
    17 00000011 25FF0F                  and ax,0x0FFF   ;setting ax's 1st 8bits to 0
    18 00000014 0D0070                  or ax,0x7000    ;setting ax's 1st 8 bits to 7 (white background)
    19 00000017 AB                      stosw
    20 00000018 E2F4                    loop white
    21 0000001A C3                      ret
    22                                  
    23                                  ;;;;;;;;;;;;;;;;;;;;;;;;;;;;;;;border
    24                                  border:
    25                                  ;1st LINE
    26 0000001B B474                    mov ah,0x74
    27 0000001D B95000                  mov cx,80
    28 00000020 BF0000                  mov di,0
    29 00000023 FC                      cld
    30                                  line:
    31 00000024 3E8A05                  mov al,[ds:di]
    32 00000027 AB                      stosw
    33 00000028 E2FA                    loop line
    34                                  
    35                                  
    36 0000002A B91800                  mov cx,24
    37 0000002D B474                    mov ah,0x74
    38 0000002F BFA000                  mov di,160
    39 00000032 FC                      cld
    40                                  loop1:
    41 00000033 3E8A05                  mov al,[ds:di]
    42 00000036 AB                      stosw
    43 00000037 81C79E00                add di,158
    44 0000003B E2F6                    loop loop1
    45                                  
    46                                  
    47 0000003D B91800                  mov cx, 24      
    48 00000040 BF3E01                  mov di, 318     
    49 00000043 B474                    mov ah, 0x74 
    50 00000045 FC                      cld
    51                                  
    52                                  store_loop:
    53 00000046 3E8A05                  mov al,[ds:di]
    54 00000049 AB                      stosw                  
    55 0000004A 81C79E00                add di, 158        ;already inc di by 2 so, need 158 to add     
    56 0000004E E2F6                    loop store_loop        
    57                                  
    58                                  ;last LINE
    59 00000050 B474                    mov ah,0x74
    60 00000052 B95000                  mov cx,80
    61 00000055 BF000F                  mov di,3840
    62 00000058 FC                      cld
    63                                  line2:
    64 00000059 3E8A05                  mov al,[ds:di]
    65 0000005C AB                      stosw
    66 0000005D E2FA                    loop line2
    67                                  
    68                                  ;2nd LINE
    69 0000005F B4F1                    mov ah,0xF1
    70 00000061 B94E00                  mov cx,78
    71 00000064 BFA200                  mov di,162
    72 00000067 FC                      cld
    73                                  line3:
    74 00000068 3E8A05                  mov al,[ds:di]
    75 0000006B AB                      stosw
    76 0000006C E2FA                    loop line3
    77                                  
    78                                  
    79 0000006E BF4201                  mov di,322
    80 00000071 B91600                  mov cx,22
    81 00000074 FC                      cld
    82                                  loop2:
    83 00000075 3E8A05                  mov al,[ds:di]
    84 00000078 AB                      stosw
    85 00000079 81C79E00                add di,158
    86 0000007D E2F6                    loop loop2
    87                                  
    88 0000007F BFDC01                  mov di,476
    89 00000082 B91600                  mov cx,22
    90 00000085 FC                      cld
    91                                  loop3:
    92 00000086 3E8A05                  mov al,[ds:di]
    93 00000089 AB                      stosw
    94 0000008A 81C79E00                add di,158
    95 0000008E E2F6                    loop loop3
    96                                  
    97                                  ;end B LINE
    98                                  
    99 00000090 BF620E                  mov di,3682
   100 00000093 B94E00                  mov cx,78
   101 00000096 FC                      cld 
   102                                  line4:
   103 00000097 3E8A05                  mov al,[ds:di]
   104 0000009A AB                      stosw
   105 0000009B E2FA                    loop line4
   106                                  
   107 0000009D C3                      ret
   108                                  
   109                                  start:
   110 0000009E E862FF                  call setup
   111 000000A1 E867FF                  call white_screen
   112 000000A4 E874FF                  call border
   113                                  
   114                                  ;end
   115 000000A7 B84C00                  mov ax,4ch
   116 000000AA CD21                    int 21h
