     1                                  [org 100h]
     2                                  
     3 00000000 EB0E                    jmp start
     4 00000002 716F757469656E743A-     message:db 'qoutient:102'
     4 0000000B 313032             
     5 0000000E 0C00                    size:dw 12
     6                                  
     7                                  start:
     8                                  
     9                                  
    10                                  
    11                                  
    12                                  
    13 00000010 B800B8                  mov ax,0xb800
    14 00000013 8EC0                    mov es,ax
    15 00000015 BF0000                  mov di,0
    16                                  cls:
    17 00000018 26C7052007              mov word [es:di],0x0720
    18                                  
    19 0000001D 83C702                  add di,2
    20 00000020 81FFA00F                cmp di,4000
    21 00000024 75F2                    jne cls
    22                                  
    23                                  
    24 00000026 BE[0200]                mov si,message
    25 00000029 BF0000                  mov di,0
    26 0000002C 8B0E[0E00]              mov cx,[size]
    27 00000030 B407                    mov ah,0x07
    28                                  
    29                                  nextChar:
    30 00000032 8A04                    mov al,[si]
    31 00000034 268905                  mov [es:di],ax
    32 00000037 83C601                  add si,1
    33 0000003A 83C702                  add di,2
    34                                  
    35 0000003D E2F3                    loop nextChar
    36                                  
    37                                  
    38 0000003F B8004C                  mov ax,4c00h
    39 00000042 CD21                    int 21h
